[SWF] Main.swf - 537362 bytes after decompression
-> _thread <type name="com.doublefx.as3.thread::Thread" base="flash.events::EventDispatcher" isDynamic="false" isFinal="false" isStatic="false">
  <extendsClass type="flash.events::EventDispatcher"/>
  <extendsClass type="Object"/>
  <implementsInterface type="flash.events::IEventDispatcher"/>
  <implementsInterface type="com.doublefx.as3.thread.api::IThread"/>
  <implementsInterface type="com.doublefx.as3.thread.api::IWorker"/>
  <constructor>
    <parameter index="1" type="Class" optional="true"/>
    <parameter index="2" type="String" optional="true"/>
    <parameter index="3" type="Boolean" optional="true"/>
    <parameter index="4" type="__AS3__.vec::Vector.&lt;String>" optional="true"/>
    <parameter index="5" type="flash.display::LoaderInfo" optional="true"/>
    <parameter index="6" type="flash.system::WorkerDomain" optional="true"/>
  </constructor>
  <accessor name="isRunning" access="readonly" type="Boolean" declaredBy="com.doublefx.as3.thread::Thread"/>
  <accessor name="name" access="readonly" type="String" declaredBy="com.doublefx.as3.thread::Thread"/>
  <accessor name="isNew" access="readonly" type="Boolean" declaredBy="com.doublefx.as3.thread::Thread"/>
  <accessor name="collectedDependencies" access="readonly" type="__AS3__.vec::Vector.&lt;String>" declaredBy="com.doublefx.as3.thread::Thread" uri="http://www.doublefx.com/thread"/>
  <accessor name="worker" access="readonly" type="flash.system::Worker" declaredBy="com.doublefx.as3.thread::Thread" uri="http://www.doublefx.com/thread"/>
  <accessor name="isTerminated" access="readonly" type="Boolean" declaredBy="com.doublefx.as3.thread::Thread"/>
  <accessor name="outgoingChannel" access="readonly" type="flash.system::MessageChannel" declaredBy="com.doublefx.as3.thread::Thread" uri="http://www.doublefx.com/thread"/>
  <accessor name="isPausing" access="readonly" type="Boolean" declaredBy="com.doublefx.as3.thread::Thread"/>
  <accessor name="isResuming" access="readonly" type="Boolean" declaredBy="com.doublefx.as3.thread::Thread"/>
  <accessor name="isStarting" access="readonly" type="Boolean" declaredBy="com.doublefx.as3.thread::Thread"/>
  <accessor name="isTerminating" access="readonly" type="Boolean" declaredBy="com.doublefx.as3.thread::Thread"/>
  <accessor name="isPaused" access="readonly" type="Boolean" declaredBy="com.doublefx.as3.thread::Thread"/>
  <accessor name="id" access="readonly" type="uint" declaredBy="com.doublefx.as3.thread::Thread"/>
  <accessor name="incomingChannel" access="readonly" type="flash.system::MessageChannel" declaredBy="com.doublefx.as3.thread::Thread" uri="http://www.doublefx.com/thread"/>
  <accessor name="state" access="readonly" type="String" declaredBy="com.doublefx.as3.thread::Thread"/>
  <accessor name="runnableClassName" access="readonly" type="String" declaredBy="com.doublefx.as3.thread::Thread" uri="http://www.doublefx.com/thread"/>
  <method name="pause" declaredBy="com.doublefx.as3.thread::Thread" returnType="void">
    <parameter index="1" type="Number" optional="true"/>
  </method>
  <method name="resume" declaredBy="com.doublefx.as3.thread::Thread" returnType="void"/>
  <method name="toString" declaredBy="flash.events::EventDispatcher" returnType="String"/>
  <method name="start" declaredBy="com.doublefx.as3.thread::Thread" returnType="void"/>
  <method name="dispatchEvent" declaredBy="flash.events::EventDispatcher" returnType="Boolean">
    <parameter index="1" type="flash.events::Event" optional="false"/>
    <metadata name="cppcall"/>
  </method>
  <method name="addEventListener" declaredBy="flash.events::EventDispatcher" returnType="void">
    <parameter index="1" type="String" optional="false"/>
    <parameter index="2" type="Function" optional="false"/>
    <parameter index="3" type="Boolean" optional="true"/>
    <parameter index="4" type="int" optional="true"/>
    <parameter index="5" type="Boolean" optional="true"/>
  </method>
  <method name="hasEventListener" declaredBy="flash.events::EventDispatcher" returnType="Boolean">
    <parameter index="1" type="String" optional="false"/>
  </method>
  <method name="removeEventListener" declaredBy="flash.events::EventDispatcher" returnType="void">
    <parameter index="1" type="String" optional="false"/>
    <parameter index="2" type="Function" optional="false"/>
    <parameter index="3" type="Boolean" optional="true"/>
  </method>
  <method name="willTrigger" declaredBy="flash.events::EventDispatcher" returnType="Boolean">
    <parameter index="1" type="String" optional="false"/>
  </method>
  <method name="setSharedProperty" declaredBy="com.doublefx.as3.thread::Thread" returnType="void">
    <parameter index="1" type="String" optional="false"/>
    <parameter index="2" type="*" optional="false"/>
  </method>
  <method name="getSharedProperty" declaredBy="com.doublefx.as3.thread::Thread" returnType="*">
    <parameter index="1" type="String" optional="false"/>
  </method>
  <method name="terminate" declaredBy="com.doublefx.as3.thread::Thread" returnType="void"/>
</type>
-> Main 1 BackWorker new false false false false false
